2020-02-18T06:05:25.664Z - normal: Load ~/.CocosCreator/settings.json
2020-02-18T06:05:25.741Z - normal: Initializing Asset Database
2020-02-18T06:05:25.746Z - normal: checking language setting...
2020-02-18T06:05:25.746Z - normal: Language: zh
2020-02-18T06:05:26.582Z - success: preview server running at http://localhost:7459
2020-02-18T06:05:26.603Z - success: protocol editor-framework registered
2020-02-18T06:05:26.603Z - success: protocol app registered
2020-02-18T06:05:26.603Z - success: protocol theme registered
2020-02-18T06:05:26.604Z - success: protocol packages registered
2020-02-18T06:05:26.604Z - success: protocol uuid registerred
2020-02-18T06:05:26.604Z - success: protocol db registerred
2020-02-18T06:05:26.604Z - success: protocol thumbnail registerred
2020-02-18T06:05:26.604Z - success: protocol unpack registerred
2020-02-18T06:05:26.604Z - success: protocol disable-commonjs registerred
2020-02-18T06:05:26.800Z - normal: connected!
2020-02-18T06:05:26.803Z - normal: Check project /Users/uke_1/Desktop/dafeiji
2020-02-18T06:05:26.805Z - normal: Initializing project /Users/uke_1/Desktop/dafeiji
2020-02-18T06:05:26.869Z - success: adapters loaded
2020-02-18T06:05:26.877Z - success: asset-db-debugger loaded
2020-02-18T06:05:27.014Z - success: fb-audience-network loaded
2020-02-18T06:05:27.073Z - success: fb-live-stream loaded
2020-02-18T06:05:27.077Z - success: google-play-instant loaded
2020-02-18T06:05:27.084Z - success: huawei-runtime loaded
2020-02-18T06:05:27.086Z - success: jkw-adapter loaded
2020-02-18T06:05:27.088Z - success: jsb-adapter loaded
2020-02-18T06:05:27.095Z - success: oppo-runtime loaded
2020-02-18T06:05:27.103Z - success: package-manager loaded
2020-02-18T06:05:27.105Z - success: qtt-adapter loaded
2020-02-18T06:05:27.110Z - success: runtime-dev-tools loaded
2020-02-18T06:05:27.120Z - success: sdkbox loaded
2020-02-18T06:05:27.127Z - success: ui-kit-preview-extra loaded
2020-02-18T06:05:27.133Z - success: ui-kit-preview loaded
2020-02-18T06:05:27.142Z - success: vivo-runtime loaded
2020-02-18T06:05:27.146Z - success: alipay-minigame loaded
2020-02-18T06:05:27.217Z - success: assets loaded
2020-02-18T06:05:27.223Z - success: baidugame-opendata loaded
2020-02-18T06:05:27.227Z - success: baidugame loaded
2020-02-18T06:05:27.235Z - success: builder loaded
2020-02-18T06:05:27.522Z - success: cocos-services loaded
2020-02-18T06:05:27.532Z - success: console loaded
2020-02-18T06:05:27.549Z - success: fb-instant-games loaded
2020-02-18T06:05:27.556Z - success: game-window loaded
2020-02-18T06:05:27.558Z - success: google-instant-games loaded
2020-02-18T06:05:27.564Z - success: hierarchy loaded
2020-02-18T06:05:27.571Z - success: inspector loaded
2020-02-18T06:05:28.510Z - success: cpk-publish loaded
2020-02-18T06:05:28.522Z - success: keystore loaded
2020-02-18T06:05:28.543Z - success: node-library loaded
2020-02-18T06:05:28.556Z - success: open-recent-items loaded
2020-02-18T06:05:28.569Z - success: package-asset loaded
2020-02-18T06:05:28.662Z - success: preferences loaded
2020-02-18T06:05:28.843Z - success: project-exporter loaded
2020-02-18T06:05:28.852Z - success: project-importer loaded
2020-02-18T06:05:28.858Z - success: project-settings loaded
2020-02-18T06:05:28.905Z - success: qtt-runtime loaded
2020-02-18T06:05:28.923Z - success: scene loaded
2020-02-18T06:05:28.951Z - success: simulator-debugger loaded
2020-02-18T06:05:28.959Z - success: sprite-editor loaded
2020-02-18T06:05:28.972Z - success: store loaded
2020-02-18T06:05:28.990Z - success: timeline loaded
2020-02-18T06:05:28.995Z - success: wechatgame-opendata loaded
2020-02-18T06:05:29.010Z - success: wechatgame loaded
2020-02-18T06:05:29.020Z - success: xiaomi-runtime loaded
2020-02-18T06:05:30.953Z - info: Cocos Service load base data!
2020-02-18T06:05:31.330Z - normal: Initializing Cocos2d
2020-02-18T06:05:31.920Z - normal: Initializing engine extends
2020-02-18T06:05:33.135Z - normal: Loading packages
2020-02-18T06:05:33.140Z - normal: Watching packages
2020-02-18T06:05:33.257Z - normal: Run Application
2020-02-18T06:05:44.105Z - warn: Please change the definition of property 'audio' in class 'Bullet'. Starting from v1.10,
properties in CCClass can not be abbreviated if they are of type RawAsset.
Please use the complete form.
For example, if the type is Texture2D, the previous definition is:
    audio: cc.Texture2D,
If you use JS, it should be changed to:
    audio: {
      type: cc.Texture2D // use 'type:' to define Texture2D object directly
      default: null,     // object's default value is null
    },
If you use TS, it should be changed to:
    %s: {
      type: cc.Texture2D // use 'type:' to define Texture2D object directly
    }
    %s: cc.Texture2D = null;
(This helps us to successfully refactor all RawAssets at v2.0, sorry for the inconvenience. 😰 )
2020-02-18T06:05:44.114Z - warn: Please change the definition of property 'diedAudio' in class 'Enemy'. Starting from v1.10,
properties in CCClass can not be abbreviated if they are of type RawAsset.
Please use the complete form.
For example, if the type is Texture2D, the previous definition is:
    diedAudio: cc.Texture2D,
If you use JS, it should be changed to:
    diedAudio: {
      type: cc.Texture2D // use 'type:' to define Texture2D object directly
      default: null,     // object's default value is null
    },
If you use TS, it should be changed to:
    %s: {
      type: cc.Texture2D // use 'type:' to define Texture2D object directly
    }
    %s: cc.Texture2D = null;
(This helps us to successfully refactor all RawAssets at v2.0, sorry for the inconvenience. 😰 )
2020-02-18T06:06:07.906Z - normal: Simulator: WORKAREA WIDTH 1440.00, HEIGHT 855.00
2020-02-18T06:06:07.907Z - normal: Simulator: FRAME SCALE = 0.50
2020-02-18T06:06:08.115Z - normal: Simulator: GLFWError #65544 Happen, Cocoa: Failed to retrieve display name
2020-02-18T06:06:08.116Z - normal: Simulator: 
2020-02-18T06:06:08.116Z - normal: Simulator: {
2020-02-18T06:06:08.116Z - normal: Simulator: 	gl.supports_float_texture: true
2020-02-18T06:06:08.117Z - normal: Simulator: 	gl.supports_ATITC: false
2020-02-18T06:06:08.117Z - normal: Simulator: 	gl.supports_discard_framebuffer: false
2020-02-18T06:06:08.118Z - normal: Simulator: 	gl.supports_NPOT: true
2020-02-18T06:06:08.118Z - normal: Simulator: 	gl.supports_ETC2: false
2020-02-18T06:06:08.118Z - normal: Simulator: 	build_type: DEBUG
2020-02-18T06:06:08.119Z - normal: Simulator: 	gl.vendor: Intel Inc.
2020-02-18T06:06:08.119Z - normal: Simulator: 	gl.renderer: Intel(R) UHD Graphics 617
2020-02-18T06:06:08.120Z - normal: Simulator: 	gl.supports_PVRTC: false
2020-02-18T06:06:08.120Z - normal: Simulator: 	gl.supports_ETC1: false
2020-02-18T06:06:08.121Z - normal: Simulator: 	gl.supports_BGRA8888: false
2020-02-18T06:06:08.121Z - normal: Simulator: 	gl.max_texture_size: 16384
2020-02-18T06:06:08.121Z - normal: Simulator: 	gl.max_texture_units: 16
2020-02-18T06:06:08.122Z - normal: Simulator: 	gl.supports_OES_packed_depth_stencil: false
2020-02-18T06:06:08.122Z - normal: Simulator: 	compiled_with_gl_state_cache: true
2020-02-18T06:06:08.122Z - normal: Simulator: 	gl.supports_OES_map_buffer: false
2020-02-18T06:06:08.123Z - normal: Simulator: 	gl.supports_vertex_array_object: true
2020-02-18T06:06:08.123Z - normal: Simulator: 	gl.supports_S3TC: true
2020-02-18T06:06:08.123Z - normal: Simulator: 	gl.version: 2.1 INTEL-14.4.23
2020-02-18T06:06:08.124Z - normal: Simulator: 	compiled_with_profiler: false
2020-02-18T06:06:08.127Z - normal: Simulator: 	gl.supports_OES_depth24: false
2020-02-18T06:06:08.127Z - normal: Simulator: }
2020-02-18T06:06:08.130Z - normal: Simulator: Project Config:
2020-02-18T06:06:08.130Z - normal: Simulator:     project dir: /Applications/CocosCreator.app/Contents/Resources/cocos2d-x/simulator/mac/Simulator.app/Contents/Resources/
2020-02-18T06:06:08.131Z - normal: Simulator:     writable path: $(PROJDIR)/
2020-02-18T06:06:08.131Z - normal: Simulator:     script file: $(PROJDIR)/main.js
2020-02-18T06:06:08.131Z - normal: Simulator:     frame size: 750 x 1334
2020-02-18T06:06:08.132Z - normal: Simulator:     frame scale: 0.50
2020-02-18T06:06:08.135Z - normal: Simulator:     show console: NO
2020-02-18T06:06:08.135Z - normal: Simulator:     write debug log: NO ()
2020-02-18T06:06:08.139Z - normal: Simulator:     listen: 
2020-02-18T06:06:08.140Z - normal: Simulator:     debugger: none
2020-02-18T06:06:08.142Z - normal: Simulator:     add searching path:
2020-02-18T06:06:08.142Z - normal: Simulator: resetDesignResolution request
2020-02-18T06:06:08.142Z - normal: Simulator: ------------------------------------------------
2020-02-18T06:06:08.143Z - normal: Simulator: LOAD Js FILE: jsb-adapter/jsb-builtin.js
2020-02-18T06:06:08.143Z - normal: Simulator: ------------------------------------------------
2020-02-18T06:06:08.143Z - normal: Simulator: Initializing V8, version: 7.5.288.22
2020-02-18T06:06:08.176Z - normal: Simulator: libuv version: 1.23.1-dev
2020-02-18T06:06:08.182Z - normal: Simulator: Debugger listening..., visit [ chrome-devtools://devtools/bundled/inspector.html?v8only=true&ws=0.0.0.0:5086/00010002-0003-4004-8005-000600070008 ] in chrome browser to debug!
2020-02-18T06:06:08.184Z - normal: Simulator: For help see https://nodejs.org/en/docs/inspector
2020-02-18T06:06:08.289Z - normal: Simulator: JS: Enable batch GL commands optimization!
2020-02-18T06:06:08.292Z - normal: Simulator: resetDesignResolution request
2020-02-18T06:06:08.292Z - normal: Simulator: ------------------------------------------------
2020-02-18T06:06:08.293Z - normal: Simulator: LOAD Js FILE: main.js
2020-02-18T06:06:08.295Z - normal: Simulator: ------------------------------------------------
2020-02-18T06:06:08.650Z - normal: Simulator: iShow!
2020-02-18T06:06:08.862Z - normal: Simulator: JS: [WARN]: Please change the definition of property 'audio' in class 'Bullet'. Starting from v1.10,
2020-02-18T06:06:08.864Z - normal: Simulator: properties in CCClass can not be abbreviated if they are of type RawAsset.
2020-02-18T06:06:08.865Z - normal: Simulator: Please use the complete form.
2020-02-18T06:06:08.865Z - normal: Simulator: For example, if the type is Texture2D, the previous definition is:
2020-02-18T06:06:08.866Z - normal: Simulator:     audio: cc.Texture2D,
2020-02-18T06:06:08.867Z - normal: Simulator: If you use JS, it should be changed to:
2020-02-18T06:06:08.868Z - normal: Simulator:     audio: {
2020-02-18T06:06:08.869Z - normal: Simulator:       type: cc.Texture2D // use 'type:' to define Texture2D object directly
2020-02-18T06:06:08.870Z - normal: Simulator:       default: null,     // object's default value is null
2020-02-18T06:06:08.871Z - normal: Simulator:     },
2020-02-18T06:06:08.873Z - normal: Simulator: If you use TS, it should be changed to:
2020-02-18T06:06:08.874Z - normal: Simulator:     %s: {
2020-02-18T06:06:08.875Z - normal: Simulator:       type: cc.Texture2D // use 'type:' to define Texture2D object directly
2020-02-18T06:06:08.875Z - normal: Simulator:     }
2020-02-18T06:06:08.876Z - normal: Simulator:     %s: cc.Texture2D = null;
2020-02-18T06:06:08.877Z - normal: Simulator: (This helps us to successfully refactor all RawAssets at v2.0, sorry for the inconvenience. 😰 )
2020-02-18T06:06:08.880Z - normal: Simulator: JS: [WARN]: Please change the definition of property 'diedAudio' in class 'Enemy'. Starting from v1.10,
2020-02-18T06:06:08.882Z - normal: Simulator: properties in CCClass can not be abbreviated if they are of type RawAsset.
2020-02-18T06:06:08.883Z - normal: Simulator: Please use the complete form.
2020-02-18T06:06:08.884Z - normal: Simulator: For example, if the type is Texture2D, the previous definition is:
2020-02-18T06:06:08.885Z - normal: Simulator:     diedAudio: cc.Texture2D,
2020-02-18T06:06:08.886Z - normal: Simulator: If you use JS, it should be changed to:
2020-02-18T06:06:08.887Z - normal: Simulator:     diedAudio: {
2020-02-18T06:06:08.887Z - normal: Simulator:       type: cc.Texture2D // use 'type:' to define Texture2D object directly
2020-02-18T06:06:08.888Z - normal: Simulator:       default: null,     // object's default value is null
2020-02-18T06:06:08.889Z - normal: Simulator:     },
2020-02-18T06:06:08.890Z - normal: Simulator: If you use TS, it should be changed to:
2020-02-18T06:06:08.890Z - normal: Simulator:     %s: {
2020-02-18T06:06:08.891Z - normal: Simulator:       type: cc.Texture2D // use 'type:' to define Texture2D object directly
2020-02-18T06:06:08.891Z - normal: Simulator:     }
2020-02-18T06:06:08.892Z - normal: Simulator:     %s: cc.Texture2D = null;
2020-02-18T06:06:08.893Z - normal: Simulator: (This helps us to successfully refactor all RawAssets at v2.0, sorry for the inconvenience. 😰 )
2020-02-18T06:06:08.935Z - normal: Simulator: D/renderer (616): Device caps: maxVextexTextures: 16, maxFragUniforms: 1024, maxTextureUints: 16, maxVertexAttributes: 16, maxDrawBuffers: 8, maxColorAttatchments: 8
2020-02-18T06:06:08.937Z - normal: Simulator: JS: Cocos Creator v2.2.2
2020-02-18T06:06:09.160Z - normal: Simulator: JS: ~~~~~~~~~~英雄加载
2020-02-18T06:06:09.360Z - normal: Simulator: JS: [WARN]: Since 1.10, `cc.audioEngine` accept cc.AudioClip instance directly, not a URL string. Please directly reference the AudioClip object in your script, or load cc.AudioClip by loader first. Don't use audio's URL anymore.
2020-02-18T06:06:09.575Z - normal: Simulator: I/AudioEngine-inl.mm (358): OpenAL was initialized successfully!
2020-02-18T06:06:09.577Z - normal: Simulator: V/AudioCache (227):   id=1 _pcmData alloc: 0x7faa6a846a00
2020-02-18T06:06:09.580Z - normal: Simulator: V/AudioCache (264): pcm buffer was loaded successfully, total frames: 9216, total read frames: 9216, adjust frames: 0, remainingFrames: 0
2020-02-18T06:06:09.583Z - normal: Simulator: V/AudioCache (273):   id=1 generated alGenBuffers: 2425  for _pcmData: 0x7faa6a846a00
2020-02-18T06:06:09.589Z - normal: Simulator: V/AudioCache (274):   id=1 _pcmData alBufferData: 0x7faa6a846a00
2020-02-18T06:06:09.592Z - normal: Simulator: JS: [WARN]: Since 1.10, `cc.audioEngine` accept cc.AudioClip instance directly, not a URL string. Please directly reference the AudioClip object in your script, or load cc.AudioClip by loader first. Don't use audio's URL anymore.
2020-02-18T06:06:09.772Z - normal: Simulator: JS: [WARN]: Since 1.10, `cc.audioEngine` accept cc.AudioClip instance directly, not a URL string. Please directly reference the AudioClip object in your script, or load cc.AudioClip by loader first. Don't use audio's URL anymore.
2020-02-18T06:06:09.973Z - normal: Simulator: JS: [WARN]: Since 1.10, `cc.audioEngine` accept cc.AudioClip instance directly, not a URL string. Please directly reference the AudioClip object in your script, or load cc.AudioClip by loader first. Don't use audio's URL anymore.
2020-02-18T06:06:10.180Z - normal: Simulator: JS: [WARN]: Since 1.10, `cc.audioEngine` accept cc.AudioClip instance directly, not a URL string. Please directly reference the AudioClip object in your script, or load cc.AudioClip by loader first. Don't use audio's URL anymore.
2020-02-18T06:06:10.386Z - normal: Simulator: JS: [WARN]: Since 1.10, `cc.audioEngine` accept cc.AudioClip instance directly, not a URL string. Please directly reference the AudioClip object in your script, or load cc.AudioClip by loader first. Don't use audio's URL anymore.
2020-02-18T06:06:10.585Z - normal: Simulator: JS: [WARN]: Since 1.10, `cc.audioEngine` accept cc.AudioClip instance directly, not a URL string. Please directly reference the AudioClip object in your script, or load cc.AudioClip by loader first. Don't use audio's URL anymore.
2020-02-18T06:06:10.791Z - normal: Simulator: JS: [WARN]: Since 1.10, `cc.audioEngine` accept cc.AudioClip instance directly, not a URL string. Please directly reference the AudioClip object in your script, or load cc.AudioClip by loader first. Don't use audio's URL anymore.
2020-02-18T06:06:10.991Z - normal: Simulator: JS: [WARN]: Since 1.10, `cc.audioEngine` accept cc.AudioClip instance directly, not a URL string. Please directly reference the AudioClip object in your script, or load cc.AudioClip by loader first. Don't use audio's URL anymore.
2020-02-18T06:06:11.202Z - normal: Simulator: JS: [WARN]: Since 1.10, `cc.audioEngine` accept cc.AudioClip instance directly, not a URL string. Please directly reference the AudioClip object in your script, or load cc.AudioClip by loader first. Don't use audio's URL anymore.
2020-02-18T06:06:11.401Z - normal: Simulator: JS: [WARN]: Since 1.10, `cc.audioEngine` accept cc.AudioClip instance directly, not a URL string. Please directly reference the AudioClip object in your script, or load cc.AudioClip by loader first. Don't use audio's URL anymore.
2020-02-18T06:06:11.603Z - normal: Simulator: JS: [WARN]: Since 1.10, `cc.audioEngine` accept cc.AudioClip instance directly, not a URL string. Please directly reference the AudioClip object in your script, or load cc.AudioClip by loader first. Don't use audio's URL anymore.
2020-02-18T06:06:11.809Z - normal: Simulator: JS: [WARN]: Since 1.10, `cc.audioEngine` accept cc.AudioClip instance directly, not a URL string. Please directly reference the AudioClip object in your script, or load cc.AudioClip by loader first. Don't use audio's URL anymore.
2020-02-18T06:06:12.012Z - normal: Simulator: JS: [WARN]: Since 1.10, `cc.audioEngine` accept cc.AudioClip instance directly, not a URL string. Please directly reference the AudioClip object in your script, or load cc.AudioClip by loader first. Don't use audio's URL anymore.
2020-02-18T06:06:12.219Z - normal: Simulator: JS: [WARN]: Since 1.10, `cc.audioEngine` accept cc.AudioClip instance directly, not a URL string. Please directly reference the AudioClip object in your script, or load cc.AudioClip by loader first. Don't use audio's URL anymore.
2020-02-18T06:06:12.431Z - normal: Simulator: JS: [WARN]: Since 1.10, `cc.audioEngine` accept cc.AudioClip instance directly, not a URL string. Please directly reference the AudioClip object in your script, or load cc.AudioClip by loader first. Don't use audio's URL anymore.
2020-02-18T06:06:12.620Z - normal: Simulator: JS: [WARN]: Since 1.10, `cc.audioEngine` accept cc.AudioClip instance directly, not a URL string. Please directly reference the AudioClip object in your script, or load cc.AudioClip by loader first. Don't use audio's URL anymore.
2020-02-18T06:06:12.843Z - normal: Simulator: JS: [WARN]: Since 1.10, `cc.audioEngine` accept cc.AudioClip instance directly, not a URL string. Please directly reference the AudioClip object in your script, or load cc.AudioClip by loader first. Don't use audio's URL anymore.
2020-02-18T06:06:13.028Z - normal: Simulator: JS: [WARN]: Since 1.10, `cc.audioEngine` accept cc.AudioClip instance directly, not a URL string. Please directly reference the AudioClip object in your script, or load cc.AudioClip by loader first. Don't use audio's URL anymore.
2020-02-18T06:06:13.236Z - normal: Simulator: JS: [WARN]: Since 1.10, `cc.audioEngine` accept cc.AudioClip instance directly, not a URL string. Please directly reference the AudioClip object in your script, or load cc.AudioClip by loader first. Don't use audio's URL anymore.
2020-02-18T06:06:13.432Z - normal: Simulator: JS: [WARN]: Since 1.10, `cc.audioEngine` accept cc.AudioClip instance directly, not a URL string. Please directly reference the AudioClip object in your script, or load cc.AudioClip by loader first. Don't use audio's URL anymore.
2020-02-18T06:06:13.633Z - normal: Simulator: JS: [WARN]: Since 1.10, `cc.audioEngine` accept cc.AudioClip instance directly, not a URL string. Please directly reference the AudioClip object in your script, or load cc.AudioClip by loader first. Don't use audio's URL anymore.
2020-02-18T06:06:13.833Z - normal: Simulator: JS: [WARN]: Since 1.10, `cc.audioEngine` accept cc.AudioClip instance directly, not a URL string. Please directly reference the AudioClip object in your script, or load cc.AudioClip by loader first. Don't use audio's URL anymore.
2020-02-18T06:06:14.032Z - normal: Simulator: JS: [WARN]: Since 1.10, `cc.audioEngine` accept cc.AudioClip instance directly, not a URL string. Please directly reference the AudioClip object in your script, or load cc.AudioClip by loader first. Don't use audio's URL anymore.
2020-02-18T06:06:14.234Z - normal: Simulator: JS: [WARN]: Since 1.10, `cc.audioEngine` accept cc.AudioClip instance directly, not a URL string. Please directly reference the AudioClip object in your script, or load cc.AudioClip by loader first. Don't use audio's URL anymore.
2020-02-18T06:06:14.433Z - normal: Simulator: JS: [WARN]: Since 1.10, `cc.audioEngine` accept cc.AudioClip instance directly, not a URL string. Please directly reference the AudioClip object in your script, or load cc.AudioClip by loader first. Don't use audio's URL anymore.
2020-02-18T06:06:14.634Z - normal: Simulator: JS: [WARN]: Since 1.10, `cc.audioEngine` accept cc.AudioClip instance directly, not a URL string. Please directly reference the AudioClip object in your script, or load cc.AudioClip by loader first. Don't use audio's URL anymore.
2020-02-18T06:06:14.834Z - normal: Simulator: JS: [WARN]: Since 1.10, `cc.audioEngine` accept cc.AudioClip instance directly, not a URL string. Please directly reference the AudioClip object in your script, or load cc.AudioClip by loader first. Don't use audio's URL anymore.
2020-02-18T06:06:15.033Z - normal: Simulator: JS: [WARN]: Since 1.10, `cc.audioEngine` accept cc.AudioClip instance directly, not a URL string. Please directly reference the AudioClip object in your script, or load cc.AudioClip by loader first. Don't use audio's URL anymore.
2020-02-18T06:06:15.243Z - normal: Simulator: JS: [WARN]: Since 1.10, `cc.audioEngine` accept cc.AudioClip instance directly, not a URL string. Please directly reference the AudioClip object in your script, or load cc.AudioClip by loader first. Don't use audio's URL anymore.
2020-02-18T06:06:15.444Z - normal: Simulator: JS: [WARN]: Since 1.10, `cc.audioEngine` accept cc.AudioClip instance directly, not a URL string. Please directly reference the AudioClip object in your script, or load cc.AudioClip by loader first. Don't use audio's URL anymore.
2020-02-18T06:06:15.647Z - normal: Simulator: JS: [WARN]: Since 1.10, `cc.audioEngine` accept cc.AudioClip instance directly, not a URL string. Please directly reference the AudioClip object in your script, or load cc.AudioClip by loader first. Don't use audio's URL anymore.
2020-02-18T06:06:15.848Z - normal: Simulator: JS: [WARN]: Since 1.10, `cc.audioEngine` accept cc.AudioClip instance directly, not a URL string. Please directly reference the AudioClip object in your script, or load cc.AudioClip by loader first. Don't use audio's URL anymore.
2020-02-18T06:06:16.063Z - normal: Simulator: JS: [WARN]: Since 1.10, `cc.audioEngine` accept cc.AudioClip instance directly, not a URL string. Please directly reference the AudioClip object in your script, or load cc.AudioClip by loader first. Don't use audio's URL anymore.
2020-02-18T06:06:16.320Z - normal: Simulator: JS: [WARN]: Since 1.10, `cc.audioEngine` accept cc.AudioClip instance directly, not a URL string. Please directly reference the AudioClip object in your script, or load cc.AudioClip by loader first. Don't use audio's URL anymore.
2020-02-18T06:06:16.335Z - normal: Simulator: ScriptEngine::cleanup begin ...
2020-02-18T06:06:16.340Z - normal: Simulator: GC begin ..., (js->native map) size: 311, all objects: 764
2020-02-18T06:06:16.412Z - normal: Simulator: GC end ..., (js->native map) size: 219, all objects: 659
2020-02-18T06:06:16.419Z - normal: Simulator: GC begin ..., (js->native map) size: 219, all objects: 659
2020-02-18T06:06:16.451Z - normal: Simulator: GC end ..., (js->native map) size: 219, all objects: 659
2020-02-18T06:06:16.463Z - normal: Simulator: GC begin ..., (js->native map) size: 0, all objects: 0
2020-02-18T06:06:16.519Z - normal: Simulator: GC end ..., (js->native map) size: 0, all objects: 0
2020-02-18T06:06:16.539Z - normal: Simulator: ScriptEngine::cleanup end ...
2020-02-18T06:06:16.694Z - normal: Simulator: V/AudioCache (136): ~AudioCache(id=1), delete buffer: 2425
